<?xml version="1.0" encoding="UTF-8"?>
<!-- Generated by org.testng.reporters.JUnitXMLReporter -->
<testsuite hostname="DESKTOP-NCA0253" ignored="0" name="Default test" tests="3" failures="0" timestamp="15 Jan 2022 18:20:05 GMT" time="31.445" errors="0">
  <testcase name="fillFormTest" time="0.984" classname="com.mail.qa.testcase.createAccountPageTest"/>
  <testcase name="fillFormTest" time="0.949" classname="com.mail.qa.testcase.createAccountPageTest"/>
  <testcase name="fillFormTest" time="0.989" classname="com.mail.qa.testcase.createAccountPageTest"/>
</testsuite> <!-- Default test -->
