<?xml version="1.0" encoding="UTF-8"?>
<!-- Generated by org.testng.reporters.JUnitXMLReporter -->
<testsuite hostname="DESKTOP-NCA0253" ignored="0" name="Command line test" tests="11" failures="0" timestamp="2022-01-16T13:58:43 IST" time="200.329" errors="0">
  <testcase name="fillFormTest" time="2.601" classname="com.mail.qa.testcase.createAccountPageTest"/>
  <testcase name="fillFormTest" time="6.043" classname="com.mail.qa.testcase.createAccountPageTest"/>
  <testcase name="fillFormTest" time="4.298" classname="com.mail.qa.testcase.createAccountPageTest"/>
  <testcase name="adminTextTest" time="0.066" classname="com.mail.qa.testcase.forWorkPageTest"/>
  <testcase name="getStartedClickTest" time="8.717" classname="com.mail.qa.testcase.forWorkPageTest"/>
  <testcase name="regionTextTest" time="0.574" classname="com.mail.qa.testcase.getStartedPageTest"/>
  <testcase name="fillForm" time="2.195" classname="com.mail.qa.testcase.getStartedPageTest"/>
  <testcase name="createAccountBtnClick" time="2.943" classname="com.mail.qa.testcase.gmailHomePageTest"/>
  <testcase name="featureTitleTextTest" time="0.057" classname="com.mail.qa.testcase.gmailHomePageTest"/>
  <testcase name="forWorkBtnClickTest" time="6.375" classname="com.mail.qa.testcase.gmailHomePageTest"/>
  <testcase name="signInBtnClickTest" time="3.047" classname="com.mail.qa.testcase.gmailHomePageTest"/>
</testsuite> <!-- Command line test -->
