<?xml version="1.0" encoding="UTF-8"?>
<!-- Generated by org.testng.reporters.JUnitXMLReporter -->
<testsuite hostname="DESKTOP-NCA0253" ignored="0" name="Gmail Automation Testing" tests="11" failures="0" timestamp="16 Jan 2022 07:44:16 GMT" time="148.635" errors="0">
  <testcase name="adminTextTest" time="0.069" classname="com.mail.qa.testcase.forWorkPageTest"/>
  <testcase name="getStartedClickTest" time="6.247" classname="com.mail.qa.testcase.forWorkPageTest"/>
  <testcase name="createAccountBtnClick" time="3.162" classname="com.mail.qa.testcase.gmailHomePageTest"/>
  <testcase name="featureTitleTextTest" time="0.04" classname="com.mail.qa.testcase.gmailHomePageTest"/>
  <testcase name="forWorkBtnClickTest" time="5.292" classname="com.mail.qa.testcase.gmailHomePageTest"/>
  <testcase name="signInBtnClickTest" time="3.421" classname="com.mail.qa.testcase.gmailHomePageTest"/>
  <testcase name="fillFormTest" time="0.951" classname="com.mail.qa.testcase.createAccountPageTest"/>
  <testcase name="fillFormTest" time="0.981" classname="com.mail.qa.testcase.createAccountPageTest"/>
  <testcase name="fillFormTest" time="0.975" classname="com.mail.qa.testcase.createAccountPageTest"/>
  <testcase name="regionTextTest" time="0.035" classname="com.mail.qa.testcase.getStartedPageTest"/>
  <testcase name="fillForm" time="0.413" classname="com.mail.qa.testcase.getStartedPageTest"/>
</testsuite> <!-- Gmail Automation Testing -->
